2022-03-14 20:01:02.450  INFO 19792 --- [main] site.cpuis.CpuisApplication              : Starting CpuisApplication v0.0.2 using Java 1.8.0_301 on PC with PID 19792 (E:\CPUIS\target\CPUIS.jar started by dell in E:\CPUIS)
2022-03-14 20:01:02.461 DEBUG 19792 --- [main] site.cpuis.CpuisApplication              : Running with Spring Boot v2.5.3, Spring v5.3.9
2022-03-14 20:01:02.461  INFO 19792 --- [main] site.cpuis.CpuisApplication              : The following profiles are active: data
2022-03-14 20:01:04.390  INFO 19792 --- [main] .s.d.r.c.RepositoryConfigurationDelegate : Bootstrapping Spring Data MongoDB repositories in DEFAULT mode.
2022-03-14 20:01:04.414  INFO 19792 --- [main] .s.d.r.c.RepositoryConfigurationDelegate : Finished Spring Data repository scanning in 17 ms. Found 0 MongoDB repository interfaces.
2022-03-14 20:01:05.979  INFO 19792 --- [main] o.s.b.w.embedded.tomcat.TomcatWebServer  : Tomcat initialized with port(s): 8899 (http)
2022-03-14 20:01:06.002  INFO 19792 --- [main] o.apache.catalina.core.StandardService   : Starting service [Tomcat]
2022-03-14 20:01:06.003  INFO 19792 --- [main] org.apache.catalina.core.StandardEngine  : Starting Servlet engine: [Apache Tomcat/9.0.50]
2022-03-14 20:01:06.005  INFO 19792 --- [main] o.a.catalina.core.AprLifecycleListener   : An older version [1.2.21] of the Apache Tomcat Native library is installed, while Tomcat recommends a minimum version of [1.2.30]
2022-03-14 20:01:06.005  INFO 19792 --- [main] o.a.catalina.core.AprLifecycleListener   : Loaded Apache Tomcat Native library [1.2.21] using APR version [1.6.5].
2022-03-14 20:01:06.006  INFO 19792 --- [main] o.a.catalina.core.AprLifecycleListener   : APR capabilities: IPv6 [true], sendfile [true], accept filters [false], random [true], UDS [false].
2022-03-14 20:01:06.006  INFO 19792 --- [main] o.a.catalina.core.AprLifecycleListener   : APR/OpenSSL configuration: useAprConnector [false], useOpenSSL [true]
2022-03-14 20:01:06.010  INFO 19792 --- [main] o.a.catalina.core.AprLifecycleListener   : OpenSSL successfully initialized [OpenSSL 1.1.1a  20 Nov 2018]
2022-03-14 20:01:06.109  INFO 19792 --- [main] o.a.c.c.C.[Tomcat].[localhost].[/]       : Initializing Spring embedded WebApplicationContext
2022-03-14 20:01:06.109  INFO 19792 --- [main] w.s.c.ServletWebServerApplicationContext : Root WebApplicationContext: initialization completed in 3559 ms
2022-03-14 20:01:06.343 DEBUG 19792 --- [main] o.s.b.w.s.ServletContextInitializerBeans : Mapping filters: filterRegistrationBean urls=[/*] order=-2147483647, characterEncodingFilter urls=[/*] order=-2147483648, formContentFilter urls=[/*] order=-9900, requestContextFilter urls=[/*] order=-105, corsFilter urls=[/*] order=2147483647
2022-03-14 20:01:06.344 DEBUG 19792 --- [main] o.s.b.w.s.ServletContextInitializerBeans : Mapping servlets: dispatcherServlet urls=[/]
2022-03-14 20:01:06.386 DEBUG 19792 --- [main] o.springframework.web.filter.CorsFilter  : Filter 'corsFilter' configured for use
2022-03-14 20:01:06.608  INFO 19792 --- [main] org.mongodb.driver.cluster               : Cluster created with settings {hosts=[localhost:27017], mode=SINGLE, requiredClusterType=UNKNOWN, serverSelectionTimeout='30000 ms'}
2022-03-14 20:01:06.738  INFO 19792 --- [cluster-ClusterId{value='622f2e825f2d11271cc43b47', description='null'}-localhost:27017] org.mongodb.driver.connection            : Opened connection [connectionId{localValue:2, serverValue:1}] to localhost:27017
2022-03-14 20:01:06.739  INFO 19792 --- [cluster-ClusterId{value='622f2e825f2d11271cc43b47', description='null'}-localhost:27017] org.mongodb.driver.cluster               : Monitor thread successfully connected to server with description ServerDescription{address=localhost:27017, type=STANDALONE, state=CONNECTED, ok=true, minWireVersion=0, maxWireVersion=7, maxDocumentSize=16777216, logicalSessionTimeoutMinutes=30, roundTripTimeNanos=39342500}
2022-03-14 20:01:06.739  INFO 19792 --- [cluster-rtt-ClusterId{value='622f2e825f2d11271cc43b47', description='null'}-localhost:27017] org.mongodb.driver.connection            : Opened connection [connectionId{localValue:1, serverValue:2}] to localhost:27017
2022-03-14 20:01:06.831  WARN 19792 --- [main] o.s.data.convert.CustomConversions       : Registering converter from class java.time.LocalDateTime to class org.joda.time.LocalDateTime as reading converter although it doesn't convert from a store-supported type! You might want to check your annotation setup at the converter implementation.
2022-03-14 20:01:06.891  WARN 19792 --- [main] o.s.data.convert.CustomConversions       : Registering converter from class java.time.LocalDateTime to class org.joda.time.LocalDateTime as reading converter although it doesn't convert from a store-supported type! You might want to check your annotation setup at the converter implementation.
2022-03-14 20:01:07.714 DEBUG 19792 --- [main] s.w.s.m.m.a.RequestMappingHandlerMapping : 31 mappings in 'requestMappingHandlerMapping'
2022-03-14 20:01:07.840  INFO 19792 --- [main] o.s.b.a.e.web.EndpointLinksResolver      : Exposing 1 endpoint(s) beneath base path '/actuator'
2022-03-14 20:01:08.036  INFO 19792 --- [main] pertySourcedRequestMappingHandlerMapping : Mapped URL path [/v2/api-docs] onto method [springfox.documentation.swagger2.web.Swagger2Controller#getDocumentation(String, HttpServletRequest)]
2022-03-14 20:01:08.283 DEBUG 19792 --- [main] s.w.s.m.m.a.RequestMappingHandlerAdapter : ControllerAdvice beans: 0 @ModelAttribute, 0 @InitBinder, 1 RequestBodyAdvice, 1 ResponseBodyAdvice
2022-03-14 20:01:08.492 DEBUG 19792 --- [main] o.s.w.s.handler.SimpleUrlHandlerMapping  : Patterns [/webjars/**, /**] in 'resourceHandlerMapping'
2022-03-14 20:01:08.510 DEBUG 19792 --- [main] .m.m.a.ExceptionHandlerExceptionResolver : ControllerAdvice beans: 1 @ExceptionHandler, 1 ResponseBodyAdvice
2022-03-14 20:01:08.652 DEBUG 19792 --- [main] o.s.w.s.s.s.ServerEndpointExporter       : Registering @ServerEndpoint class: class site.cpuis.websocket.ModelStateServer
2022-03-14 20:01:08.721  INFO 19792 --- [main] o.s.b.w.embedded.tomcat.TomcatWebServer  : Tomcat started on port(s): 8899 (http) with context path ''
2022-03-14 20:01:08.723  INFO 19792 --- [main] d.s.w.p.DocumentationPluginsBootstrapper : Context refreshed
2022-03-14 20:01:08.755  INFO 19792 --- [main] d.s.w.p.DocumentationPluginsBootstrapper : Found 1 custom documentation plugin(s)
2022-03-14 20:01:08.824  INFO 19792 --- [main] s.d.s.w.s.ApiListingReferenceScanner     : Scanning for api listing references
2022-03-14 20:01:08.872  INFO 19792 --- [main] site.cpuis.CpuisApplication              : Started CpuisApplication in 7.154 seconds (JVM running for 7.978)
2022-03-14 20:01:09.169  INFO 19792 --- [main] org.mongodb.driver.connection            : Closed connection [connectionId{localValue:3}] to localhost:27017 because there was a socket exception raised by this connection.
2022-03-14 20:01:09.177  INFO 19792 --- [main] ConditionEvaluationReportLoggingListener : 

Error starting ApplicationContext. To display the conditions report re-run your application with 'debug' enabled.
2022-03-14 20:01:09.218 ERROR 19792 --- [main] o.s.boot.SpringApplication               : Application run failed

java.lang.IllegalStateException: Failed to execute ApplicationRunner
	at org.springframework.boot.SpringApplication.callRunner(SpringApplication.java:785) [spring-boot-2.5.3.jar!/:2.5.3]
	at org.springframework.boot.SpringApplication.callRunners(SpringApplication.java:772) [spring-boot-2.5.3.jar!/:2.5.3]
	at org.springframework.boot.SpringApplication.run(SpringApplication.java:345) [spring-boot-2.5.3.jar!/:2.5.3]
	at org.springframework.boot.SpringApplication.run(SpringApplication.java:1343) [spring-boot-2.5.3.jar!/:2.5.3]
	at org.springframework.boot.SpringApplication.run(SpringApplication.java:1332) [spring-boot-2.5.3.jar!/:2.5.3]
	at site.cpuis.CpuisApplication.main(CpuisApplication.java:22) [classes!/:0.0.2]
	at sun.reflect.NativeMethodAccessorImpl.invoke0(Native Method) ~[na:1.8.0_301]
	at sun.reflect.NativeMethodAccessorImpl.invoke(Unknown Source) ~[na:1.8.0_301]
	at sun.reflect.DelegatingMethodAccessorImpl.invoke(Unknown Source) ~[na:1.8.0_301]
	at java.lang.reflect.Method.invoke(Unknown Source) ~[na:1.8.0_301]
	at org.springframework.boot.loader.MainMethodRunner.run(MainMethodRunner.java:49) [CPUIS.jar:0.0.2]
	at org.springframework.boot.loader.Launcher.launch(Launcher.java:108) [CPUIS.jar:0.0.2]
	at org.springframework.boot.loader.Launcher.launch(Launcher.java:58) [CPUIS.jar:0.0.2]
	at org.springframework.boot.loader.JarLauncher.main(JarLauncher.java:88) [CPUIS.jar:0.0.2]
Caused by: org.springframework.data.mongodb.UncategorizedMongoDbException: Exception authenticating MongoCredential{mechanism=SCRAM-SHA-1, userName='admin', source='admin', password=<hidden>, mechanismProperties=<hidden>}; nested exception is com.mongodb.MongoSecurityException: Exception authenticating MongoCredential{mechanism=SCRAM-SHA-1, userName='admin', source='admin', password=<hidden>, mechanismProperties=<hidden>}
	at org.springframework.data.mongodb.core.MongoExceptionTranslator.translateExceptionIfPossible(MongoExceptionTranslator.java:140) ~[spring-data-mongodb-3.2.3.jar!/:3.2.3]
	at org.springframework.data.mongodb.core.MongoTemplate.potentiallyConvertRuntimeException(MongoTemplate.java:2899) ~[spring-data-mongodb-3.2.3.jar!/:3.2.3]
	at org.springframework.data.mongodb.core.MongoTemplate.executeFindMultiInternal(MongoTemplate.java:2824) ~[spring-data-mongodb-3.2.3.jar!/:3.2.3]
	at org.springframework.data.mongodb.core.MongoTemplate.findAll(MongoTemplate.java:1779) ~[spring-data-mongodb-3.2.3.jar!/:3.2.3]
	at site.cpuis.service.MongoService.selectAll(MongoService.java:53) ~[classes!/:0.0.2]
	at site.cpuis.service.AlgoService.scanAlgo(AlgoService.java:58) ~[classes!/:0.0.2]
	at site.cpuis.service.AlgoService$$FastClassBySpringCGLIB$$fad01006.invoke(<generated>) ~[classes!/:0.0.2]
	at org.springframework.cglib.proxy.MethodProxy.invoke(MethodProxy.java:218) ~[spring-core-5.3.9.jar!/:5.3.9]
	at org.springframework.aop.framework.CglibAopProxy$DynamicAdvisedInterceptor.intercept(CglibAopProxy.java:688) ~[spring-aop-5.3.9.jar!/:5.3.9]
	at site.cpuis.service.AlgoService$$EnhancerBySpringCGLIB$$83eefb85.scanAlgo(<generated>) ~[classes!/:0.0.2]
	at site.cpuis.utils.ApplicationInitializer.init(ApplicationInitializer.java:23) ~[classes!/:0.0.2]
	at site.cpuis.CpuisApplication$App.run(CpuisApplication.java:33) ~[classes!/:0.0.2]
	at org.springframework.boot.SpringApplication.callRunner(SpringApplication.java:782) [spring-boot-2.5.3.jar!/:2.5.3]
	... 13 common frames omitted
Caused by: com.mongodb.MongoSecurityException: Exception authenticating MongoCredential{mechanism=SCRAM-SHA-1, userName='admin', source='admin', password=<hidden>, mechanismProperties=<hidden>}
	at com.mongodb.internal.connection.SaslAuthenticator.wrapException(SaslAuthenticator.java:271) ~[mongodb-driver-core-4.2.3.jar!/:na]
	at com.mongodb.internal.connection.SaslAuthenticator.getNextSaslResponse(SaslAuthenticator.java:136) ~[mongodb-driver-core-4.2.3.jar!/:na]
	at com.mongodb.internal.connection.SaslAuthenticator.access$100(SaslAuthenticator.java:47) ~[mongodb-driver-core-4.2.3.jar!/:na]
	at com.mongodb.internal.connection.SaslAuthenticator$1.run(SaslAuthenticator.java:62) ~[mongodb-driver-core-4.2.3.jar!/:na]
	at com.mongodb.internal.connection.SaslAuthenticator$1.run(SaslAuthenticator.java:56) ~[mongodb-driver-core-4.2.3.jar!/:na]
	at com.mongodb.internal.connection.SaslAuthenticator.doAsSubject(SaslAuthenticator.java:278) ~[mongodb-driver-core-4.2.3.jar!/:na]
	at com.mongodb.internal.connection.SaslAuthenticator.authenticate(SaslAuthenticator.java:56) ~[mongodb-driver-core-4.2.3.jar!/:na]
	at com.mongodb.internal.connection.DefaultAuthenticator.authenticate(DefaultAuthenticator.java:53) ~[mongodb-driver-core-4.2.3.jar!/:na]
	at com.mongodb.internal.connection.InternalStreamConnectionInitializer.authenticate(InternalStreamConnectionInitializer.java:168) ~[mongodb-driver-core-4.2.3.jar!/:na]
	at com.mongodb.internal.connection.InternalStreamConnectionInitializer.initialize(InternalStreamConnectionInitializer.java:63) ~[mongodb-driver-core-4.2.3.jar!/:na]
	at com.mongodb.internal.connection.InternalStreamConnection.open(InternalStreamConnection.java:144) ~[mongodb-driver-core-4.2.3.jar!/:na]
	at com.mongodb.internal.connection.UsageTrackingInternalConnection.open(UsageTrackingInternalConnection.java:51) ~[mongodb-driver-core-4.2.3.jar!/:na]
	at com.mongodb.internal.connection.DefaultConnectionPool$PooledConnection.open(DefaultConnectionPool.java:431) ~[mongodb-driver-core-4.2.3.jar!/:na]
	at com.mongodb.internal.connection.DefaultConnectionPool.get(DefaultConnectionPool.java:115) ~[mongodb-driver-core-4.2.3.jar!/:na]
	at com.mongodb.internal.connection.DefaultConnectionPool.get(DefaultConnectionPool.java:100) ~[mongodb-driver-core-4.2.3.jar!/:na]
	at com.mongodb.internal.connection.DefaultServer.getConnection(DefaultServer.java:96) ~[mongodb-driver-core-4.2.3.jar!/:na]
	at com.mongodb.internal.binding.ClusterBinding$ClusterBindingConnectionSource.getConnection(ClusterBinding.java:123) ~[mongodb-driver-core-4.2.3.jar!/:na]
	at com.mongodb.client.internal.ClientSessionBinding$SessionBindingConnectionSource.getConnection(ClientSessionBinding.java:135) ~[mongodb-driver-sync-4.2.3.jar!/:na]
	at com.mongodb.internal.operation.FindOperation$1.call(FindOperation.java:655) ~[mongodb-driver-core-4.2.3.jar!/:na]
	at com.mongodb.internal.operation.FindOperation$1.call(FindOperation.java:652) ~[mongodb-driver-core-4.2.3.jar!/:na]
	at com.mongodb.internal.operation.OperationHelper.withReadConnectionSource(OperationHelper.java:583) ~[mongodb-driver-core-4.2.3.jar!/:na]
	at com.mongodb.internal.operation.FindOperation.execute(FindOperation.java:652) ~[mongodb-driver-core-4.2.3.jar!/:na]
	at com.mongodb.internal.operation.FindOperation.execute(FindOperation.java:80) ~[mongodb-driver-core-4.2.3.jar!/:na]
	at com.mongodb.client.internal.MongoClientDelegate$DelegateOperationExecutor.execute(MongoClientDelegate.java:170) ~[mongodb-driver-sync-4.2.3.jar!/:na]
	at com.mongodb.client.internal.MongoIterableImpl.execute(MongoIterableImpl.java:135) ~[mongodb-driver-sync-4.2.3.jar!/:na]
	at com.mongodb.client.internal.MongoIterableImpl.iterator(MongoIterableImpl.java:92) ~[mongodb-driver-sync-4.2.3.jar!/:na]
	at org.springframework.data.mongodb.core.MongoTemplate.executeFindMultiInternal(MongoTemplate.java:2807) ~[spring-data-mongodb-3.2.3.jar!/:3.2.3]
	... 23 common frames omitted
Caused by: com.mongodb.MongoCommandException: Command failed with error 18 (AuthenticationFailed): 'Authentication failed.' on server localhost:27017. The full response is {"ok": 0.0, "errmsg": "Authentication failed.", "code": 18, "codeName": "AuthenticationFailed"}
	at com.mongodb.internal.connection.ProtocolHelper.getCommandFailureException(ProtocolHelper.java:175) ~[mongodb-driver-core-4.2.3.jar!/:na]
	at com.mongodb.internal.connection.InternalStreamConnection.receiveCommandMessageResponse(InternalStreamConnection.java:358) ~[mongodb-driver-core-4.2.3.jar!/:na]
	at com.mongodb.internal.connection.InternalStreamConnection.sendAndReceive(InternalStreamConnection.java:279) ~[mongodb-driver-core-4.2.3.jar!/:na]
	at com.mongodb.internal.connection.CommandHelper.sendAndReceive(CommandHelper.java:83) ~[mongodb-driver-core-4.2.3.jar!/:na]
	at com.mongodb.internal.connection.CommandHelper.executeCommand(CommandHelper.java:33) ~[mongodb-driver-core-4.2.3.jar!/:na]
	at com.mongodb.internal.connection.SaslAuthenticator.sendSaslStart(SaslAuthenticator.java:227) ~[mongodb-driver-core-4.2.3.jar!/:na]
	at com.mongodb.internal.connection.SaslAuthenticator.getNextSaslResponse(SaslAuthenticator.java:134) ~[mongodb-driver-core-4.2.3.jar!/:na]
	... 48 common frames omitted

2022-03-14 20:01:09.505  INFO 19792 --- [SpringApplicationShutdownHook] org.mongodb.driver.connection            : Closed connection [connectionId{localValue:4}] to localhost:27017 because there was a socket exception raised by this connection.
2022-03-14 20:33:47.022  INFO 8688 --- [restartedMain] site.cpuis.CpuisApplication              : Starting CpuisApplication using Java 1.8.0_201 on PC with PID 8688 (E:\CPUIS\target\classes started by dell in E:\CPUIS)
2022-03-14 20:33:47.024 DEBUG 8688 --- [restartedMain] site.cpuis.CpuisApplication              : Running with Spring Boot v2.5.3, Spring v5.3.9
2022-03-14 20:33:47.024  INFO 8688 --- [restartedMain] site.cpuis.CpuisApplication              : The following profiles are active: data
2022-03-14 20:33:47.070  INFO 8688 --- [restartedMain] o.s.b.devtools.restart.ChangeableUrls    : The Class-Path manifest attribute in C:\Users\dell\.m2\repository\com\github\junrar\junrar\3.0.0\junrar-3.0.0.jar referenced one or more files that do not exist: file:/C:/Users/dell/.m2/repository/com/github/junrar/junrar/3.0.0/commons-logging-1.2.jar,file:/C:/Users/dell/.m2/repository/com/github/junrar/junrar/3.0.0/commons-vfs2-2.2.jar
2022-03-14 20:33:47.071  INFO 8688 --- [restartedMain] .e.DevToolsPropertyDefaultsPostProcessor : Devtools property defaults active! Set 'spring.devtools.add-properties' to 'false' to disable
2022-03-14 20:33:48.323  INFO 8688 --- [restartedMain] .s.d.r.c.RepositoryConfigurationDelegate : Bootstrapping Spring Data MongoDB repositories in DEFAULT mode.
2022-03-14 20:33:48.349  INFO 8688 --- [restartedMain] .s.d.r.c.RepositoryConfigurationDelegate : Finished Spring Data repository scanning in 17 ms. Found 0 MongoDB repository interfaces.
2022-03-14 20:33:48.834  INFO 8688 --- [restartedMain] o.s.b.w.embedded.tomcat.TomcatWebServer  : Tomcat initialized with port(s): 8899 (http)
2022-03-14 20:33:48.842  INFO 8688 --- [restartedMain] o.apache.catalina.core.StandardService   : Starting service [Tomcat]
2022-03-14 20:33:48.842  INFO 8688 --- [restartedMain] org.apache.catalina.core.StandardEngine  : Starting Servlet engine: [Apache Tomcat/9.0.50]
2022-03-14 20:33:48.844  INFO 8688 --- [restartedMain] o.a.catalina.core.AprLifecycleListener   : An older version [1.2.21] of the Apache Tomcat Native library is installed, while Tomcat recommends a minimum version of [1.2.30]
2022-03-14 20:33:48.844  INFO 8688 --- [restartedMain] o.a.catalina.core.AprLifecycleListener   : Loaded Apache Tomcat Native library [1.2.21] using APR version [1.6.5].
2022-03-14 20:33:48.844  INFO 8688 --- [restartedMain] o.a.catalina.core.AprLifecycleListener   : APR capabilities: IPv6 [true], sendfile [true], accept filters [false], random [true], UDS [false].
2022-03-14 20:33:48.844  INFO 8688 --- [restartedMain] o.a.catalina.core.AprLifecycleListener   : APR/OpenSSL configuration: useAprConnector [false], useOpenSSL [true]
2022-03-14 20:33:48.848  INFO 8688 --- [restartedMain] o.a.catalina.core.AprLifecycleListener   : OpenSSL successfully initialized [OpenSSL 1.1.1a  20 Nov 2018]
2022-03-14 20:33:48.916  INFO 8688 --- [restartedMain] o.a.c.c.C.[Tomcat].[localhost].[/]       : Initializing Spring embedded WebApplicationContext
2022-03-14 20:33:48.916  INFO 8688 --- [restartedMain] w.s.c.ServletWebServerApplicationContext : Root WebApplicationContext: initialization completed in 1845 ms
2022-03-14 20:33:49.075 DEBUG 8688 --- [restartedMain] o.s.b.w.s.ServletContextInitializerBeans : Mapping filters: filterRegistrationBean urls=[/*] order=-2147483647, characterEncodingFilter urls=[/*] order=-2147483648, formContentFilter urls=[/*] order=-9900, requestContextFilter urls=[/*] order=-105, corsFilter urls=[/*] order=2147483647
2022-03-14 20:33:49.075 DEBUG 8688 --- [restartedMain] o.s.b.w.s.ServletContextInitializerBeans : Mapping servlets: dispatcherServlet urls=[/]
2022-03-14 20:33:49.089 DEBUG 8688 --- [restartedMain] o.springframework.web.filter.CorsFilter  : Filter 'corsFilter' configured for use
2022-03-14 20:33:49.160  INFO 8688 --- [restartedMain] org.mongodb.driver.cluster               : Cluster created with settings {hosts=[localhost:27017], mode=SINGLE, requiredClusterType=UNKNOWN, serverSelectionTimeout='30000 ms'}
2022-03-14 20:33:49.200  INFO 8688 --- [cluster-rtt-ClusterId{value='622f362d740edf5053be37d1', description='null'}-localhost:27017] org.mongodb.driver.connection            : Opened connection [connectionId{localValue:2, serverValue:10}] to localhost:27017
2022-03-14 20:33:49.200  INFO 8688 --- [cluster-ClusterId{value='622f362d740edf5053be37d1', description='null'}-localhost:27017] org.mongodb.driver.connection            : Opened connection [connectionId{localValue:1, serverValue:9}] to localhost:27017
2022-03-14 20:33:49.200  INFO 8688 --- [cluster-ClusterId{value='622f362d740edf5053be37d1', description='null'}-localhost:27017] org.mongodb.driver.cluster               : Monitor thread successfully connected to server with description ServerDescription{address=localhost:27017, type=STANDALONE, state=CONNECTED, ok=true, minWireVersion=0, maxWireVersion=7, maxDocumentSize=16777216, logicalSessionTimeoutMinutes=30, roundTripTimeNanos=13698100}
2022-03-14 20:33:49.253  WARN 8688 --- [restartedMain] o.s.data.convert.CustomConversions       : Registering converter from class java.time.LocalDateTime to class org.joda.time.LocalDateTime as reading converter although it doesn't convert from a store-supported type! You might want to check your annotation setup at the converter implementation.
2022-03-14 20:33:49.283  WARN 8688 --- [restartedMain] o.s.data.convert.CustomConversions       : Registering converter from class java.time.LocalDateTime to class org.joda.time.LocalDateTime as reading converter although it doesn't convert from a store-supported type! You might want to check your annotation setup at the converter implementation.
2022-03-14 20:33:49.636 DEBUG 8688 --- [restartedMain] s.w.s.m.m.a.RequestMappingHandlerMapping : 31 mappings in 'requestMappingHandlerMapping'
2022-03-14 20:33:49.724  INFO 8688 --- [restartedMain] o.s.b.a.e.web.EndpointLinksResolver      : Exposing 1 endpoint(s) beneath base path '/actuator'
2022-03-14 20:33:49.819  INFO 8688 --- [restartedMain] pertySourcedRequestMappingHandlerMapping : Mapped URL path [/v2/api-docs] onto method [springfox.documentation.swagger2.web.Swagger2Controller#getDocumentation(String, HttpServletRequest)]
2022-03-14 20:33:49.911  INFO 8688 --- [restartedMain] o.s.b.d.a.OptionalLiveReloadServer       : LiveReload server is running on port 35729
2022-03-14 20:33:49.918 DEBUG 8688 --- [restartedMain] s.w.s.m.m.a.RequestMappingHandlerAdapter : ControllerAdvice beans: 0 @ModelAttribute, 0 @InitBinder, 1 RequestBodyAdvice, 1 ResponseBodyAdvice
2022-03-14 20:33:49.985 DEBUG 8688 --- [restartedMain] o.s.w.s.handler.SimpleUrlHandlerMapping  : Patterns [/webjars/**, /**] in 'resourceHandlerMapping'
2022-03-14 20:33:49.998 DEBUG 8688 --- [restartedMain] .m.m.a.ExceptionHandlerExceptionResolver : ControllerAdvice beans: 1 @ExceptionHandler, 1 ResponseBodyAdvice
2022-03-14 20:33:50.114 DEBUG 8688 --- [restartedMain] o.s.w.s.s.s.ServerEndpointExporter       : Registering @ServerEndpoint class: class site.cpuis.websocket.ModelStateServer
2022-03-14 20:33:50.141  INFO 8688 --- [restartedMain] o.s.b.w.embedded.tomcat.TomcatWebServer  : Tomcat started on port(s): 8899 (http) with context path ''
2022-03-14 20:33:50.142  INFO 8688 --- [restartedMain] d.s.w.p.DocumentationPluginsBootstrapper : Context refreshed
2022-03-14 20:33:50.153  INFO 8688 --- [restartedMain] d.s.w.p.DocumentationPluginsBootstrapper : Found 1 custom documentation plugin(s)
2022-03-14 20:33:50.178  INFO 8688 --- [restartedMain] s.d.s.w.s.ApiListingReferenceScanner     : Scanning for api listing references
2022-03-14 20:33:50.200  INFO 8688 --- [restartedMain] site.cpuis.CpuisApplication              : Started CpuisApplication in 3.542 seconds (JVM running for 5.295)
2022-03-14 20:33:50.274  INFO 8688 --- [restartedMain] org.mongodb.driver.connection            : Closed connection [connectionId{localValue:3}] to localhost:27017 because there was a socket exception raised by this connection.
2022-03-14 20:33:50.279  INFO 8688 --- [restartedMain] ConditionEvaluationReportLoggingListener : 

Error starting ApplicationContext. To display the conditions report re-run your application with 'debug' enabled.
2022-03-14 20:33:50.298 ERROR 8688 --- [restartedMain] o.s.boot.SpringApplication               : Application run failed

java.lang.IllegalStateException: Failed to execute ApplicationRunner
	at org.springframework.boot.SpringApplication.callRunner(SpringApplication.java:785) [spring-boot-2.5.3.jar:2.5.3]
	at org.springframework.boot.SpringApplication.callRunners(SpringApplication.java:772) [spring-boot-2.5.3.jar:2.5.3]
	at org.springframework.boot.SpringApplication.run(SpringApplication.java:345) [spring-boot-2.5.3.jar:2.5.3]
	at org.springframework.boot.SpringApplication.run(SpringApplication.java:1343) [spring-boot-2.5.3.jar:2.5.3]
	at org.springframework.boot.SpringApplication.run(SpringApplication.java:1332) [spring-boot-2.5.3.jar:2.5.3]
	at site.cpuis.CpuisApplication.main(CpuisApplication.java:22) [classes/:na]
	at sun.reflect.NativeMethodAccessorImpl.invoke0(Native Method) ~[na:1.8.0_201]
	at sun.reflect.NativeMethodAccessorImpl.invoke(NativeMethodAccessorImpl.java:62) ~[na:1.8.0_201]
	at sun.reflect.DelegatingMethodAccessorImpl.invoke(DelegatingMethodAccessorImpl.java:43) ~[na:1.8.0_201]
	at java.lang.reflect.Method.invoke(Method.java:498) ~[na:1.8.0_201]
	at org.springframework.boot.devtools.restart.RestartLauncher.run(RestartLauncher.java:49) [spring-boot-devtools-2.5.3.jar:2.5.3]
Caused by: org.springframework.data.mongodb.UncategorizedMongoDbException: Exception authenticating MongoCredential{mechanism=SCRAM-SHA-1, userName='admin', source='admin', password=<hidden>, mechanismProperties=<hidden>}; nested exception is com.mongodb.MongoSecurityException: Exception authenticating MongoCredential{mechanism=SCRAM-SHA-1, userName='admin', source='admin', password=<hidden>, mechanismProperties=<hidden>}
	at org.springframework.data.mongodb.core.MongoExceptionTranslator.translateExceptionIfPossible(MongoExceptionTranslator.java:140) ~[spring-data-mongodb-3.2.3.jar:3.2.3]
	at org.springframework.data.mongodb.core.MongoTemplate.potentiallyConvertRuntimeException(MongoTemplate.java:2899) ~[spring-data-mongodb-3.2.3.jar:3.2.3]
	at org.springframework.data.mongodb.core.MongoTemplate.executeFindMultiInternal(MongoTemplate.java:2824) ~[spring-data-mongodb-3.2.3.jar:3.2.3]
	at org.springframework.data.mongodb.core.MongoTemplate.findAll(MongoTemplate.java:1779) ~[spring-data-mongodb-3.2.3.jar:3.2.3]
	at site.cpuis.service.MongoService.selectAll(MongoService.java:53) ~[classes/:na]
	at site.cpuis.service.AlgoService.scanAlgo(AlgoService.java:58) ~[classes/:na]
	at site.cpuis.service.AlgoService$$FastClassBySpringCGLIB$$fad01006.invoke(<generated>) ~[classes/:na]
	at org.springframework.cglib.proxy.MethodProxy.invoke(MethodProxy.java:218) ~[spring-core-5.3.9.jar:5.3.9]
	at org.springframework.aop.framework.CglibAopProxy$DynamicAdvisedInterceptor.intercept(CglibAopProxy.java:688) ~[spring-aop-5.3.9.jar:5.3.9]
	at site.cpuis.service.AlgoService$$EnhancerBySpringCGLIB$$c60c9302.scanAlgo(<generated>) ~[classes/:na]
	at site.cpuis.utils.ApplicationInitializer.init(ApplicationInitializer.java:23) ~[classes/:na]
	at site.cpuis.CpuisApplication$App.run(CpuisApplication.java:33) ~[classes/:na]
	at org.springframework.boot.SpringApplication.callRunner(SpringApplication.java:782) [spring-boot-2.5.3.jar:2.5.3]
	... 10 common frames omitted
Caused by: com.mongodb.MongoSecurityException: Exception authenticating MongoCredential{mechanism=SCRAM-SHA-1, userName='admin', source='admin', password=<hidden>, mechanismProperties=<hidden>}
	at com.mongodb.internal.connection.SaslAuthenticator.wrapException(SaslAuthenticator.java:271) ~[mongodb-driver-core-4.2.3.jar:na]
	at com.mongodb.internal.connection.SaslAuthenticator.getNextSaslResponse(SaslAuthenticator.java:136) ~[mongodb-driver-core-4.2.3.jar:na]
	at com.mongodb.internal.connection.SaslAuthenticator.access$100(SaslAuthenticator.java:47) ~[mongodb-driver-core-4.2.3.jar:na]
	at com.mongodb.internal.connection.SaslAuthenticator$1.run(SaslAuthenticator.java:62) ~[mongodb-driver-core-4.2.3.jar:na]
	at com.mongodb.internal.connection.SaslAuthenticator$1.run(SaslAuthenticator.java:56) ~[mongodb-driver-core-4.2.3.jar:na]
	at com.mongodb.internal.connection.SaslAuthenticator.doAsSubject(SaslAuthenticator.java:278) ~[mongodb-driver-core-4.2.3.jar:na]
	at com.mongodb.internal.connection.SaslAuthenticator.authenticate(SaslAuthenticator.java:56) ~[mongodb-driver-core-4.2.3.jar:na]
	at com.mongodb.internal.connection.DefaultAuthenticator.authenticate(DefaultAuthenticator.java:53) ~[mongodb-driver-core-4.2.3.jar:na]
	at com.mongodb.internal.connection.InternalStreamConnectionInitializer.authenticate(InternalStreamConnectionInitializer.java:168) ~[mongodb-driver-core-4.2.3.jar:na]
	at com.mongodb.internal.connection.InternalStreamConnectionInitializer.initialize(InternalStreamConnectionInitializer.java:63) ~[mongodb-driver-core-4.2.3.jar:na]
	at com.mongodb.internal.connection.InternalStreamConnection.open(InternalStreamConnection.java:144) ~[mongodb-driver-core-4.2.3.jar:na]
	at com.mongodb.internal.connection.UsageTrackingInternalConnection.open(UsageTrackingInternalConnection.java:51) ~[mongodb-driver-core-4.2.3.jar:na]
	at com.mongodb.internal.connection.DefaultConnectionPool$PooledConnection.open(DefaultConnectionPool.java:431) ~[mongodb-driver-core-4.2.3.jar:na]
	at com.mongodb.internal.connection.DefaultConnectionPool.get(DefaultConnectionPool.java:115) ~[mongodb-driver-core-4.2.3.jar:na]
	at com.mongodb.internal.connection.DefaultConnectionPool.get(DefaultConnectionPool.java:100) ~[mongodb-driver-core-4.2.3.jar:na]
	at com.mongodb.internal.connection.DefaultServer.getConnection(DefaultServer.java:96) ~[mongodb-driver-core-4.2.3.jar:na]
	at com.mongodb.internal.binding.ClusterBinding$ClusterBindingConnectionSource.getConnection(ClusterBinding.java:123) ~[mongodb-driver-core-4.2.3.jar:na]
	at com.mongodb.client.internal.ClientSessionBinding$SessionBindingConnectionSource.getConnection(ClientSessionBinding.java:135) ~[mongodb-driver-sync-4.2.3.jar:na]
	at com.mongodb.internal.operation.FindOperation$1.call(FindOperation.java:655) ~[mongodb-driver-core-4.2.3.jar:na]
	at com.mongodb.internal.operation.FindOperation$1.call(FindOperation.java:652) ~[mongodb-driver-core-4.2.3.jar:na]
	at com.mongodb.internal.operation.OperationHelper.withReadConnectionSource(OperationHelper.java:583) ~[mongodb-driver-core-4.2.3.jar:na]
	at com.mongodb.internal.operation.FindOperation.execute(FindOperation.java:652) ~[mongodb-driver-core-4.2.3.jar:na]
	at com.mongodb.internal.operation.FindOperation.execute(FindOperation.java:80) ~[mongodb-driver-core-4.2.3.jar:na]
	at com.mongodb.client.internal.MongoClientDelegate$DelegateOperationExecutor.execute(MongoClientDelegate.java:170) ~[mongodb-driver-sync-4.2.3.jar:na]
	at com.mongodb.client.internal.MongoIterableImpl.execute(MongoIterableImpl.java:135) ~[mongodb-driver-sync-4.2.3.jar:na]
	at com.mongodb.client.internal.MongoIterableImpl.iterator(MongoIterableImpl.java:92) ~[mongodb-driver-sync-4.2.3.jar:na]
	at org.springframework.data.mongodb.core.MongoTemplate.executeFindMultiInternal(MongoTemplate.java:2807) ~[spring-data-mongodb-3.2.3.jar:3.2.3]
	... 20 common frames omitted
Caused by: com.mongodb.MongoCommandException: Command failed with error 18 (AuthenticationFailed): 'Authentication failed.' on server localhost:27017. The full response is {"ok": 0.0, "errmsg": "Authentication failed.", "code": 18, "codeName": "AuthenticationFailed"}
	at com.mongodb.internal.connection.ProtocolHelper.getCommandFailureException(ProtocolHelper.java:175) ~[mongodb-driver-core-4.2.3.jar:na]
	at com.mongodb.internal.connection.InternalStreamConnection.receiveCommandMessageResponse(InternalStreamConnection.java:358) ~[mongodb-driver-core-4.2.3.jar:na]
	at com.mongodb.internal.connection.InternalStreamConnection.sendAndReceive(InternalStreamConnection.java:279) ~[mongodb-driver-core-4.2.3.jar:na]
	at com.mongodb.internal.connection.CommandHelper.sendAndReceive(CommandHelper.java:83) ~[mongodb-driver-core-4.2.3.jar:na]
	at com.mongodb.internal.connection.CommandHelper.executeCommand(CommandHelper.java:33) ~[mongodb-driver-core-4.2.3.jar:na]
	at com.mongodb.internal.connection.SaslAuthenticator.sendSaslStart(SaslAuthenticator.java:227) ~[mongodb-driver-core-4.2.3.jar:na]
	at com.mongodb.internal.connection.SaslAuthenticator.getNextSaslResponse(SaslAuthenticator.java:134) ~[mongodb-driver-core-4.2.3.jar:na]
	... 45 common frames omitted

2022-03-14 20:33:50.874  INFO 8688 --- [restartedMain] org.mongodb.driver.connection            : Closed connection [connectionId{localValue:4}] to localhost:27017 because there was a socket exception raised by this connection.
2022-03-14 20:34:31.677  INFO 2680 --- [main] site.cpuis.CpuisApplication              : Starting CpuisApplication v0.0.2 using Java 1.8.0_301 on PC with PID 2680 (E:\CPUIS\target\CPUIS.jar started by dell in E:\CPUIS\target)
2022-03-14 20:34:31.680 DEBUG 2680 --- [main] site.cpuis.CpuisApplication              : Running with Spring Boot v2.5.3, Spring v5.3.9
2022-03-14 20:34:31.680  INFO 2680 --- [main] site.cpuis.CpuisApplication              : The following profiles are active: docker
2022-03-14 20:34:33.605  INFO 2680 --- [main] .s.d.r.c.RepositoryConfigurationDelegate : Bootstrapping Spring Data MongoDB repositories in DEFAULT mode.
2022-03-14 20:34:33.634  INFO 2680 --- [main] .s.d.r.c.RepositoryConfigurationDelegate : Finished Spring Data repository scanning in 20 ms. Found 0 MongoDB repository interfaces.
2022-03-14 20:34:35.042  INFO 2680 --- [main] o.s.b.w.embedded.tomcat.TomcatWebServer  : Tomcat initialized with port(s): 8899 (http)
2022-03-14 20:34:35.055  INFO 2680 --- [main] o.apache.catalina.core.StandardService   : Starting service [Tomcat]
2022-03-14 20:34:35.056  INFO 2680 --- [main] org.apache.catalina.core.StandardEngine  : Starting Servlet engine: [Apache Tomcat/9.0.50]
2022-03-14 20:34:35.058  INFO 2680 --- [main] o.a.catalina.core.AprLifecycleListener   : An older version [1.2.21] of the Apache Tomcat Native library is installed, while Tomcat recommends a minimum version of [1.2.30]
2022-03-14 20:34:35.058  INFO 2680 --- [main] o.a.catalina.core.AprLifecycleListener   : Loaded Apache Tomcat Native library [1.2.21] using APR version [1.6.5].
2022-03-14 20:34:35.058  INFO 2680 --- [main] o.a.catalina.core.AprLifecycleListener   : APR capabilities: IPv6 [true], sendfile [true], accept filters [false], random [true], UDS [false].
2022-03-14 20:34:35.059  INFO 2680 --- [main] o.a.catalina.core.AprLifecycleListener   : APR/OpenSSL configuration: useAprConnector [false], useOpenSSL [true]
2022-03-14 20:34:35.062  INFO 2680 --- [main] o.a.catalina.core.AprLifecycleListener   : OpenSSL successfully initialized [OpenSSL 1.1.1a  20 Nov 2018]
2022-03-14 20:34:35.197  INFO 2680 --- [main] o.a.c.c.C.[Tomcat].[localhost].[/]       : Initializing Spring embedded WebApplicationContext
2022-03-14 20:34:35.197  INFO 2680 --- [main] w.s.c.ServletWebServerApplicationContext : Root WebApplicationContext: initialization completed in 3436 ms
2022-03-14 20:34:35.408 DEBUG 2680 --- [main] o.s.b.w.s.ServletContextInitializerBeans : Mapping filters: filterRegistrationBean urls=[/*] order=-2147483647, characterEncodingFilter urls=[/*] order=-2147483648, formContentFilter urls=[/*] order=-9900, requestContextFilter urls=[/*] order=-105, corsFilter urls=[/*] order=2147483647
2022-03-14 20:34:35.409 DEBUG 2680 --- [main] o.s.b.w.s.ServletContextInitializerBeans : Mapping servlets: dispatcherServlet urls=[/]
2022-03-14 20:34:35.452 DEBUG 2680 --- [main] o.springframework.web.filter.CorsFilter  : Filter 'corsFilter' configured for use
2022-03-14 20:34:35.654  INFO 2680 --- [main] org.mongodb.driver.cluster               : Cluster created with settings {hosts=[mongo:27017], mode=SINGLE, requiredClusterType=UNKNOWN, serverSelectionTimeout='30000 ms'}
2022-03-14 20:34:35.856  WARN 2680 --- [main] o.s.data.convert.CustomConversions       : Registering converter from class java.time.LocalDateTime to class org.joda.time.LocalDateTime as reading converter although it doesn't convert from a store-supported type! You might want to check your annotation setup at the converter implementation.
2022-03-14 20:34:35.921  WARN 2680 --- [main] o.s.data.convert.CustomConversions       : Registering converter from class java.time.LocalDateTime to class org.joda.time.LocalDateTime as reading converter although it doesn't convert from a store-supported type! You might want to check your annotation setup at the converter implementation.
2022-03-14 20:34:36.582 DEBUG 2680 --- [main] s.w.s.m.m.a.RequestMappingHandlerMapping : 31 mappings in 'requestMappingHandlerMapping'
2022-03-14 20:34:36.686  INFO 2680 --- [main] o.s.b.a.e.web.EndpointLinksResolver      : Exposing 1 endpoint(s) beneath base path '/actuator'
2022-03-14 20:34:36.864  INFO 2680 --- [main] pertySourcedRequestMappingHandlerMapping : Mapped URL path [/v2/api-docs] onto method [springfox.documentation.swagger2.web.Swagger2Controller#getDocumentation(String, HttpServletRequest)]
2022-03-14 20:34:37.050 DEBUG 2680 --- [main] s.w.s.m.m.a.RequestMappingHandlerAdapter : ControllerAdvice beans: 0 @ModelAttribute, 0 @InitBinder, 1 RequestBodyAdvice, 1 ResponseBodyAdvice
2022-03-14 20:34:37.214 DEBUG 2680 --- [main] o.s.w.s.handler.SimpleUrlHandlerMapping  : Patterns [/webjars/**, /**] in 'resourceHandlerMapping'
2022-03-14 20:34:37.229 DEBUG 2680 --- [main] .m.m.a.ExceptionHandlerExceptionResolver : ControllerAdvice beans: 1 @ExceptionHandler, 1 ResponseBodyAdvice
2022-03-14 20:34:37.339 DEBUG 2680 --- [main] o.s.w.s.s.s.ServerEndpointExporter       : Registering @ServerEndpoint class: class site.cpuis.websocket.ModelStateServer
2022-03-14 20:34:37.393  INFO 2680 --- [main] o.s.b.w.embedded.tomcat.TomcatWebServer  : Tomcat started on port(s): 8899 (http) with context path ''
2022-03-14 20:34:37.395  INFO 2680 --- [main] d.s.w.p.DocumentationPluginsBootstrapper : Context refreshed
2022-03-14 20:34:37.425  INFO 2680 --- [main] d.s.w.p.DocumentationPluginsBootstrapper : Found 1 custom documentation plugin(s)
2022-03-14 20:34:37.490  INFO 2680 --- [main] s.d.s.w.s.ApiListingReferenceScanner     : Scanning for api listing references
2022-03-14 20:34:37.539  INFO 2680 --- [main] site.cpuis.CpuisApplication              : Started CpuisApplication in 6.439 seconds (JVM running for 6.938)
2022-03-14 20:34:37.670  INFO 2680 --- [main] org.mongodb.driver.cluster               : Cluster description not yet available. Waiting for 30000 ms before timing out
2022-03-14 20:34:37.995  INFO 2680 --- [cluster-ClusterId{value='622f365b0bb8325fd129e34d', description='null'}-mongo:27017] org.mongodb.driver.cluster               : Exception in monitor thread while connecting to server mongo:27017

com.mongodb.MongoSocketException: mongo
	at com.mongodb.ServerAddress.getSocketAddresses(ServerAddress.java:211) ~[mongodb-driver-core-4.2.3.jar!/:na]
	at com.mongodb.internal.connection.SocketStream.initializeSocket(SocketStream.java:75) ~[mongodb-driver-core-4.2.3.jar!/:na]
	at com.mongodb.internal.connection.SocketStream.open(SocketStream.java:65) ~[mongodb-driver-core-4.2.3.jar!/:na]
	at com.mongodb.internal.connection.InternalStreamConnection.open(InternalStreamConnection.java:143) ~[mongodb-driver-core-4.2.3.jar!/:na]
	at com.mongodb.internal.connection.DefaultServerMonitor$ServerMonitorRunnable.lookupServerDescription(DefaultServerMonitor.java:188) ~[mongodb-driver-core-4.2.3.jar!/:na]
	at com.mongodb.internal.connection.DefaultServerMonitor$ServerMonitorRunnable.run(DefaultServerMonitor.java:144) ~[mongodb-driver-core-4.2.3.jar!/:na]
	at java.lang.Thread.run(Unknown Source) [na:1.8.0_301]
Caused by: java.net.UnknownHostException: mongo
	at java.net.InetAddress.getAllByName0(Unknown Source) ~[na:1.8.0_301]
	at java.net.InetAddress.getAllByName(Unknown Source) ~[na:1.8.0_301]
	at java.net.InetAddress.getAllByName(Unknown Source) ~[na:1.8.0_301]
	at com.mongodb.ServerAddress.getSocketAddresses(ServerAddress.java:203) ~[mongodb-driver-core-4.2.3.jar!/:na]
	... 6 common frames omitted

